c:\users\user\source\repos\mfcapplication\mfcapplication\x64\debug\mfcapplication.pch
c:\users\user\source\repos\mfcapplication\mfcapplication\x64\debug\vc143.pdb
c:\users\user\source\repos\mfcapplication\mfcapplication\x64\debug\vc143.idb
c:\users\user\source\repos\mfcapplication\mfcapplication\x64\debug\pch.obj
c:\users\user\source\repos\mfcapplication\mfcapplication\x64\debug\viewtree.obj
c:\users\user\source\repos\mfcapplication\mfcapplication\x64\debug\propertieswnd.obj
c:\users\user\source\repos\mfcapplication\mfcapplication\x64\debug\outputwnd.obj
c:\users\user\source\repos\mfcapplication\mfcapplication\x64\debug\mfcapplicationview.obj
c:\users\user\source\repos\mfcapplication\mfcapplication\x64\debug\mfcapplicationdoc.obj
c:\users\user\source\repos\mfcapplication\mfcapplication\x64\debug\mfcapplication.obj
c:\users\user\source\repos\mfcapplication\mfcapplication\x64\debug\mainfrm.obj
c:\users\user\source\repos\mfcapplication\mfcapplication\x64\debug\fileview.obj
c:\users\user\source\repos\mfcapplication\mfcapplication\x64\debug\classview.obj
c:\users\user\source\repos\mfcapplication\mfcapplication\x64\debug\mfcapplication.res
c:\users\user\source\repos\mfcapplication\x64\debug\mfcapplication.exe
c:\users\user\source\repos\mfcapplication\mfcapplication\x64\debug\mfcapplication.tlog\cl.command.1.tlog
c:\users\user\source\repos\mfcapplication\mfcapplication\x64\debug\mfcapplication.tlog\cl.read.1.tlog
c:\users\user\source\repos\mfcapplication\mfcapplication\x64\debug\mfcapplication.tlog\cl.write.1.tlog
c:\users\user\source\repos\mfcapplication\mfcapplication\x64\debug\mfcapplication.tlog\link.command.1.tlog
c:\users\user\source\repos\mfcapplication\mfcapplication\x64\debug\mfcapplication.tlog\link.read.1.tlog
c:\users\user\source\repos\mfcapplication\mfcapplication\x64\debug\mfcapplication.tlog\link.write.1.tlog
c:\users\user\source\repos\mfcapplication\mfcapplication\x64\debug\mfcapplication.tlog\rc.command.1.tlog
c:\users\user\source\repos\mfcapplication\mfcapplication\x64\debug\mfcapplication.tlog\rc.read.1.tlog
c:\users\user\source\repos\mfcapplication\mfcapplication\x64\debug\mfcapplication.tlog\rc.write.1.tlog
